app/build/intermediates/manifest_merge_blame_file/debug/processDebugMainManifest/manifest-merger-blame-debug-report.txt
1<?xml version="1.0" encoding="utf-8"?>
2<manifest xmlns:android="http://schemas.android.com/apk/res/android"
3    package="com.meteoapp"
4    android:versionCode="9"
5    android:versionName="1.6.2" >
6
7    <uses-sdk
7-->INJECTED
8        android:minSdkVersion="26"
8-->INJECTED
9        android:targetSdkVersion="37" />
9-->INJECTED
10
11    <uses-permission android:name="android.permission.INTERNET" />
11-->src/main/AndroidManifest.xml:5:5-67
11-->src/main/AndroidManifest.xml:5:22-64
12    <uses-permission android:name="android.permission.ACCESS_NETWORK_STATE" />
12-->src/main/AndroidManifest.xml:6:5-79
12-->src/main/AndroidManifest.xml:6:22-76
13    <uses-permission android:name="android.permission.ACCESS_COARSE_LOCATION" />
13-->src/main/AndroidManifest.xml:7:5-81
13-->src/main/AndroidManifest.xml:7:22-78
14    <uses-permission android:name="android.permission.ACCESS_FINE_LOCATION" />
14-->src/main/AndroidManifest.xml:8:5-79
14-->src/main/AndroidManifest.xml:8:22-76
15    <uses-permission android:name="android.permission.WAKE_LOCK" />
15-->[androidx.work:work-runtime:2.11.2] AndroidManifest.xml:23:5-68
15-->[androidx.work:work-runtime:2.11.2] AndroidManifest.xml:23:22-65
16    <uses-permission android:name="android.permission.RECEIVE_BOOT_COMPLETED" />
16-->[androidx.work:work-runtime:2.11.2] AndroidManifest.xml:25:5-81
16-->[androidx.work:work-runtime:2.11.2] AndroidManifest.xml:25:22-78
17    <uses-permission android:name="android.permission.FOREGROUND_SERVICE" />
17-->[androidx.work:work-runtime:2.11.2] AndroidManifest.xml:26:5-77
17-->[androidx.work:work-runtime:2.11.2] AndroidManifest.xml:26:22-74
18
19    <permission
19-->[androidx.core:core:1.19.0] AndroidManifest.xml:22:5-24:47
20        android:name="com.meteoapp.DYNAMIC_RECEIVER_NOT_EXPORTED_PERMISSION"
20-->[androidx.core:core:1.19.0] AndroidManifest.xml:23:9-81
21        android:protectionLevel="signature" />
21-->[androidx.core:core:1.19.0] AndroidManifest.xml:24:9-44
22
23    <uses-permission android:name="com.meteoapp.DYNAMIC_RECEIVER_NOT_EXPORTED_PERMISSION" />
23-->[androidx.core:core:1.19.0] AndroidManifest.xml:26:5-97
23-->[androidx.core:core:1.19.0] AndroidManifest.xml:26:22-94
24
25    <supports-screens
25-->[org.osmdroid:osmdroid-android:6.1.20] AndroidManifest.xml:9:5-12:40
26        android:anyDensity="true"
26-->[org.osmdroid:osmdroid-android:6.1.20] AndroidManifest.xml:10:9-34
27        android:largeScreens="true"
27-->[org.osmdroid:osmdroid-android:6.1.20] AndroidManifest.xml:11:9-36
28        android:normalScreens="true" />
28-->[org.osmdroid:osmdroid-android:6.1.20] AndroidManifest.xml:12:9-37
29
30    <uses-feature
30-->[org.osmdroid:osmdroid-android:6.1.20] AndroidManifest.xml:14:5-16:36
31        android:name="android.hardware.location.network"
31-->[org.osmdroid:osmdroid-android:6.1.20] AndroidManifest.xml:15:9-57
32        android:required="false" />
32-->[org.osmdroid:osmdroid-android:6.1.20] AndroidManifest.xml:16:9-33
33    <uses-feature
33-->[org.osmdroid:osmdroid-android:6.1.20] AndroidManifest.xml:17:5-19:36
34        android:name="android.hardware.location.gps"
34-->[org.osmdroid:osmdroid-android:6.1.20] AndroidManifest.xml:18:9-53
35        android:required="false" />
35-->[org.osmdroid:osmdroid-android:6.1.20] AndroidManifest.xml:19:9-33
36    <uses-feature
36-->[org.osmdroid:osmdroid-android:6.1.20] AndroidManifest.xml:20:5-22:36
37        android:name="android.hardware.telephony"
37-->[org.osmdroid:osmdroid-android:6.1.20] AndroidManifest.xml:21:9-50
38        android:required="false" />
38-->[org.osmdroid:osmdroid-android:6.1.20] AndroidManifest.xml:22:9-33
39    <uses-feature
39-->[org.osmdroid:osmdroid-android:6.1.20] AndroidManifest.xml:23:5-25:36
40        android:name="android.hardware.wifi"
40-->[org.osmdroid:osmdroid-android:6.1.20] AndroidManifest.xml:24:9-45
41        android:required="false" />
41-->[org.osmdroid:osmdroid-android:6.1.20] AndroidManifest.xml:25:9-33
42
43    <application
43-->src/main/AndroidManifest.xml:10:5-78:19
44        android:name="com.meteoapp.MeteoApp"
44-->src/main/AndroidManifest.xml:11:9-33
45        android:allowBackup="false"
45-->src/main/AndroidManifest.xml:12:9-36
46        android:appComponentFactory="androidx.core.app.CoreComponentFactory"
46-->[androidx.core:core:1.19.0] AndroidManifest.xml:28:18-86
47        android:dataExtractionRules="@xml/data_extraction_rules"
47-->src/main/AndroidManifest.xml:13:9-65
48        android:debuggable="true"
49        android:extractNativeLibs="false"
49-->INJECTED
50        android:fullBackupContent="@xml/backup_rules"
50-->src/main/AndroidManifest.xml:14:9-54
51        android:icon="@mipmap/ic_launcher"
51-->src/main/AndroidManifest.xml:15:9-43
52        android:label="@string/app_name"
52-->src/main/AndroidManifest.xml:16:9-41
53        android:networkSecurityConfig="@xml/network_security_config"
53-->src/main/AndroidManifest.xml:21:9-69
54        android:roundIcon="@mipmap/ic_launcher_round"
54-->src/main/AndroidManifest.xml:17:9-54
55        android:supportsRtl="true"
55-->src/main/AndroidManifest.xml:18:9-35
56        android:theme="@style/Theme.MeteoApp"
56-->src/main/AndroidManifest.xml:19:9-46
57        android:usesCleartextTraffic="false" >
57-->src/main/AndroidManifest.xml:20:9-45
58        <activity
58-->src/main/AndroidManifest.xml:24:9-32:20
59            android:name="com.meteoapp.ui.SplashActivity"
59-->src/main/AndroidManifest.xml:25:13-46
60            android:exported="true"
60-->src/main/AndroidManifest.xml:26:13-36
61            android:theme="@style/Theme.MeteoApp.Splash" >
61-->src/main/AndroidManifest.xml:27:13-57
62            <intent-filter>
62-->src/main/AndroidManifest.xml:28:13-31:29
63                <action android:name="android.intent.action.MAIN" />
63-->src/main/AndroidManifest.xml:29:17-69
63-->src/main/AndroidManifest.xml:29:25-66
64
65                <category android:name="android.intent.category.LAUNCHER" />
65-->src/main/AndroidManifest.xml:30:17-77
65-->src/main/AndroidManifest.xml:30:27-74
66            </intent-filter>
67        </activity>
68        <activity
68-->src/main/AndroidManifest.xml:33:9-36:53
69            android:name="com.meteoapp.ui.MainActivity"
69-->src/main/AndroidManifest.xml:34:13-44
70            android:exported="false"
70-->src/main/AndroidManifest.xml:35:13-37
71            android:theme="@style/Theme.MeteoApp" />
71-->src/main/AndroidManifest.xml:36:13-50
72        <activity
72-->src/main/AndroidManifest.xml:38:9-41:53
73            android:name="com.meteoapp.ui.DayDetailActivity"
73-->src/main/AndroidManifest.xml:39:13-49
74            android:exported="false"
74-->src/main/AndroidManifest.xml:40:13-37
75            android:theme="@style/Theme.MeteoApp" />
75-->src/main/AndroidManifest.xml:41:13-50
76        <activity
76-->src/main/AndroidManifest.xml:43:9-46:53
77            android:name="com.meteoapp.ui.HourDetailActivity"
77-->src/main/AndroidManifest.xml:44:13-50
78            android:exported="false"
78-->src/main/AndroidManifest.xml:45:13-37
79            android:theme="@style/Theme.MeteoApp" />
79-->src/main/AndroidManifest.xml:46:13-50
80        <activity
80-->src/main/AndroidManifest.xml:48:9-55:20
81            android:name="com.meteoapp.widget.WeatherWidgetConfigureActivity"
81-->src/main/AndroidManifest.xml:49:13-66
82            android:exported="true"
82-->src/main/AndroidManifest.xml:50:13-36
83            android:theme="@style/Theme.MeteoApp.Config" >
83-->src/main/AndroidManifest.xml:51:13-57
84            <intent-filter>
84-->src/main/AndroidManifest.xml:52:13-54:29
85                <action android:name="android.appwidget.action.APPWIDGET_CONFIGURE" />
85-->src/main/AndroidManifest.xml:53:17-87
85-->src/main/AndroidManifest.xml:53:25-84
86            </intent-filter>
87        </activity>
88
89        <provider
89-->INJECTED
90            android:name="androidx.startup.InitializationProvider"
90-->src/main/AndroidManifest.xml:58:13-67
91            android:authorities="com.meteoapp.androidx-startup"
91-->INJECTED
92            android:exported="false" >
92-->src/main/AndroidManifest.xml:60:13-37
93            <meta-data
93-->[androidx.emoji2:emoji2:1.3.0] AndroidManifest.xml:29:13-31:52
94                android:name="androidx.emoji2.text.EmojiCompatInitializer"
94-->[androidx.emoji2:emoji2:1.3.0] AndroidManifest.xml:30:17-75
95                android:value="androidx.startup" />
95-->[androidx.emoji2:emoji2:1.3.0] AndroidManifest.xml:31:17-49
96            <meta-data
96-->[androidx.lifecycle:lifecycle-process:2.11.0] AndroidManifest.xml:29:13-31:52
97                android:name="androidx.lifecycle.ProcessLifecycleInitializer"
97-->[androidx.lifecycle:lifecycle-process:2.11.0] AndroidManifest.xml:30:17-78
98                android:value="androidx.startup" />
98-->[androidx.lifecycle:lifecycle-process:2.11.0] AndroidManifest.xml:31:17-49
99            <meta-data
99-->[androidx.profileinstaller:profileinstaller:1.4.0] AndroidManifest.xml:29:13-31:52
100                android:name="androidx.profileinstaller.ProfileInstallerInitializer"
100-->[androidx.profileinstaller:profileinstaller:1.4.0] AndroidManifest.xml:30:17-85
101                android:value="androidx.startup" />
101-->[androidx.profileinstaller:profileinstaller:1.4.0] AndroidManifest.xml:31:17-49
102            <meta-data
102-->[com.squareup.okhttp3:okhttp-android:5.5.0] AndroidManifest.xml:16:13-18:52
103                android:name="okhttp3.internal.platform.PlatformInitializer"
103-->[com.squareup.okhttp3:okhttp-android:5.5.0] AndroidManifest.xml:17:17-77
104                android:value="androidx.startup" />
104-->[com.squareup.okhttp3:okhttp-android:5.5.0] AndroidManifest.xml:18:17-49
105        </provider>
106
107        <receiver
107-->src/main/AndroidManifest.xml:68:9-77:20
108            android:name="com.meteoapp.widget.WeatherWidgetProvider"
108-->src/main/AndroidManifest.xml:69:13-57
109            android:exported="true" >
109-->src/main/AndroidManifest.xml:70:13-36
110            <intent-filter>
110-->src/main/AndroidManifest.xml:71:13-73:29
111                <action android:name="android.appwidget.action.APPWIDGET_UPDATE" />
111-->src/main/AndroidManifest.xml:72:17-84
111-->src/main/AndroidManifest.xml:72:25-81
112            </intent-filter>
113
114            <meta-data
114-->src/main/AndroidManifest.xml:74:13-76:63
115                android:name="android.appwidget.provider"
115-->src/main/AndroidManifest.xml:75:17-58
116                android:resource="@xml/weather_widget_info" />
116-->src/main/AndroidManifest.xml:76:17-60
117        </receiver>
118
119        <activity
119-->[com.google.android.gms:play-services-base:18.9.0] AndroidManifest.xml:20:9-22:45
120            android:name="com.google.android.gms.common.api.GoogleApiActivity"
120-->[com.google.android.gms:play-services-base:18.9.0] AndroidManifest.xml:20:19-85
121            android:exported="false"
121-->[com.google.android.gms:play-services-base:18.9.0] AndroidManifest.xml:22:19-43
122            android:theme="@android:style/Theme.Translucent.NoTitleBar" />
122-->[com.google.android.gms:play-services-base:18.9.0] AndroidManifest.xml:21:19-78
123
124        <service
124-->[androidx.work:work-runtime:2.11.2] AndroidManifest.xml:39:9-45:35
125            android:name="androidx.work.impl.background.systemjob.SystemJobService"
125-->[androidx.work:work-runtime:2.11.2] AndroidManifest.xml:40:13-84
126            android:directBootAware="false"
126-->[androidx.work:work-runtime:2.11.2] AndroidManifest.xml:41:13-44
127            android:enabled="@bool/enable_system_job_service_default"
127-->[androidx.work:work-runtime:2.11.2] AndroidManifest.xml:42:13-70
128            android:exported="true"
128-->[androidx.work:work-runtime:2.11.2] AndroidManifest.xml:43:13-36
129            android:permission="android.permission.BIND_JOB_SERVICE" />
129-->[androidx.work:work-runtime:2.11.2] AndroidManifest.xml:44:13-69
130        <service
130-->[androidx.work:work-runtime:2.11.2] AndroidManifest.xml:46:9-52:35
131            android:name="androidx.work.impl.foreground.SystemForegroundService"
131-->[androidx.work:work-runtime:2.11.2] AndroidManifest.xml:47:13-81
132            android:directBootAware="false"
132-->[androidx.work:work-runtime:2.11.2] AndroidManifest.xml:48:13-44
133            android:enabled="@bool/enable_system_foreground_service_default"
133-->[androidx.work:work-runtime:2.11.2] AndroidManifest.xml:49:13-77
134            android:exported="false" />
134-->[androidx.work:work-runtime:2.11.2] AndroidManifest.xml:50:13-37
135
136        <receiver
136-->[androidx.work:work-runtime:2.11.2] AndroidManifest.xml:54:9-59:35
137            android:name="androidx.work.impl.utils.ForceStopRunnable$BroadcastReceiver"
137-->[androidx.work:work-runtime:2.11.2] AndroidManifest.xml:55:13-88
138            android:directBootAware="false"
138-->[androidx.work:work-runtime:2.11.2] AndroidManifest.xml:56:13-44
139            android:enabled="true"
139-->[androidx.work:work-runtime:2.11.2] AndroidManifest.xml:57:13-35
140            android:exported="false" />
140-->[androidx.work:work-runtime:2.11.2] AndroidManifest.xml:58:13-37
141        <receiver
141-->[androidx.work:work-runtime:2.11.2] AndroidManifest.xml:60:9-69:20
142            android:name="androidx.work.impl.background.systemalarm.RescheduleReceiver"
142-->[androidx.work:work-runtime:2.11.2] AndroidManifest.xml:61:13-88
143            android:directBootAware="false"
143-->[androidx.work:work-runtime:2.11.2] AndroidManifest.xml:62:13-44
144            android:enabled="false"
144-->[androidx.work:work-runtime:2.11.2] AndroidManifest.xml:63:13-36
145            android:exported="false" >
145-->[androidx.work:work-runtime:2.11.2] AndroidManifest.xml:64:13-37
146            <intent-filter>
146-->[androidx.work:work-runtime:2.11.2] AndroidManifest.xml:66:13-68:29
147                <action android:name="android.intent.action.BOOT_COMPLETED" />
147-->[androidx.work:work-runtime:2.11.2] AndroidManifest.xml:67:17-79
147-->[androidx.work:work-runtime:2.11.2] AndroidManifest.xml:67:25-76
148            </intent-filter>
149        </receiver>
150        <receiver
150-->[androidx.work:work-runtime:2.11.2] AndroidManifest.xml:70:9-80:20
151            android:name="androidx.work.impl.diagnostics.DiagnosticsReceiver"
151-->[androidx.work:work-runtime:2.11.2] AndroidManifest.xml:71:13-78
152            android:directBootAware="false"
152-->[androidx.work:work-runtime:2.11.2] AndroidManifest.xml:72:13-44
153            android:enabled="true"
153-->[androidx.work:work-runtime:2.11.2] AndroidManifest.xml:73:13-35
154            android:exported="true"
154-->[androidx.work:work-runtime:2.11.2] AndroidManifest.xml:74:13-36
155            android:permission="android.permission.DUMP" >
155-->[androidx.work:work-runtime:2.11.2] AndroidManifest.xml:75:13-57
156            <intent-filter>
156-->[androidx.work:work-runtime:2.11.2] AndroidManifest.xml:77:13-79:29
157                <action android:name="androidx.work.diagnostics.REQUEST_DIAGNOSTICS" />
157-->[androidx.work:work-runtime:2.11.2] AndroidManifest.xml:78:17-88
157-->[androidx.work:work-runtime:2.11.2] AndroidManifest.xml:78:25-85
158            </intent-filter>
159        </receiver>
160
161        <uses-library
161-->[androidx.window:window:1.0.0] AndroidManifest.xml:25:9-27:40
162            android:name="androidx.window.extensions"
162-->[androidx.window:window:1.0.0] AndroidManifest.xml:26:13-54
163            android:required="false" />
163-->[androidx.window:window:1.0.0] AndroidManifest.xml:27:13-37
164        <uses-library
164-->[androidx.window:window:1.0.0] AndroidManifest.xml:28:9-30:40
165            android:name="androidx.window.sidecar"
165-->[androidx.window:window:1.0.0] AndroidManifest.xml:29:13-51
166            android:required="false" />
166-->[androidx.window:window:1.0.0] AndroidManifest.xml:30:13-37
167
168        <service
168-->[androidx.room:room-runtime-android:2.7.0] AndroidManifest.xml:24:9-28:63
169            android:name="androidx.room.MultiInstanceInvalidationService"
169-->[androidx.room:room-runtime-android:2.7.0] AndroidManifest.xml:25:13-74
170            android:directBootAware="true"
170-->[androidx.room:room-runtime-android:2.7.0] AndroidManifest.xml:26:13-43
171            android:exported="false" />
171-->[androidx.room:room-runtime-android:2.7.0] AndroidManifest.xml:27:13-37
172
173        <receiver
173-->[androidx.profileinstaller:profileinstaller:1.4.0] AndroidManifest.xml:34:9-52:20
174            android:name="androidx.profileinstaller.ProfileInstallReceiver"
174-->[androidx.profileinstaller:profileinstaller:1.4.0] AndroidManifest.xml:35:13-76
175            android:directBootAware="false"
175-->[androidx.profileinstaller:profileinstaller:1.4.0] AndroidManifest.xml:36:13-44
176            android:enabled="true"
176-->[androidx.profileinstaller:profileinstaller:1.4.0] AndroidManifest.xml:37:13-35
177            android:exported="true"
177-->[androidx.profileinstaller:profileinstaller:1.4.0] AndroidManifest.xml:38:13-36
178            android:permission="android.permission.DUMP" >
178-->[androidx.profileinstaller:profileinstaller:1.4.0] AndroidManifest.xml:39:13-57
179            <intent-filter>
179-->[androidx.profileinstaller:profileinstaller:1.4.0] AndroidManifest.xml:40:13-42:29
180                <action android:name="androidx.profileinstaller.action.INSTALL_PROFILE" />
180-->[androidx.profileinstaller:profileinstaller:1.4.0] AndroidManifest.xml:41:17-91
180-->[androidx.profileinstaller:profileinstaller:1.4.0] AndroidManifest.xml:41:25-88
181            </intent-filter>
182            <intent-filter>
182-->[androidx.profileinstaller:profileinstaller:1.4.0] AndroidManifest.xml:43:13-45:29
183                <action android:name="androidx.profileinstaller.action.SKIP_FILE" />
183-->[androidx.profileinstaller:profileinstaller:1.4.0] AndroidManifest.xml:44:17-85
183-->[androidx.profileinstaller:profileinstaller:1.4.0] AndroidManifest.xml:44:25-82
184            </intent-filter>
185            <intent-filter>
185-->[androidx.profileinstaller:profileinstaller:1.4.0] AndroidManifest.xml:46:13-48:29
186                <action android:name="androidx.profileinstaller.action.SAVE_PROFILE" />
186-->[androidx.profileinstaller:profileinstaller:1.4.0] AndroidManifest.xml:47:17-88
186-->[androidx.profileinstaller:profileinstaller:1.4.0] AndroidManifest.xml:47:25-85
187            </intent-filter>
188            <intent-filter>
188-->[androidx.profileinstaller:profileinstaller:1.4.0] AndroidManifest.xml:49:13-51:29
189                <action android:name="androidx.profileinstaller.action.BENCHMARK_OPERATION" />
189-->[androidx.profileinstaller:profileinstaller:1.4.0] AndroidManifest.xml:50:17-95
189-->[androidx.profileinstaller:profileinstaller:1.4.0] AndroidManifest.xml:50:25-92
190            </intent-filter>
191        </receiver>
192
193        <meta-data
193-->[com.google.android.gms:play-services-basement:18.9.0] AndroidManifest.xml:21:9-23:69
194            android:name="com.google.android.gms.version"
194-->[com.google.android.gms:play-services-basement:18.9.0] AndroidManifest.xml:22:13-58
195            android:value="@integer/google_play_services_version" />
195-->[com.google.android.gms:play-services-basement:18.9.0] AndroidManifest.xml:23:13-66
196    </application>
197
198</manifest>